<?xml version="1.0" encoding="UTF-8"?>
<!-- Generated by org.testng.reporters.JUnitReportReporter -->
<testsuite skipped="0" hostname="admin-PC" name="Idlidabba.ERP.VesselPlanner" tests="10" failures="0" timestamp="25 Apr 2019 07:28:47 GMT" time="43.849" errors="0">
  <testcase name="Valid_Login" time="8.920" classname="Idlidabba.ERP.VesselPlanner"/>
  <testcase name="vessels_plan" time="5.797" classname="Idlidabba.ERP.VesselPlanner"/>
  <testcase name="countcheck" time="0.177" classname="Idlidabba.ERP.VesselPlanner"/>
  <testcase name="Vessels_planned" time="12.607" classname="Idlidabba.ERP.VesselPlanner"/>
  <testcase name="qtysplit" time="4.767" classname="Idlidabba.ERP.VesselPlanner"/>
  <testcase name="vessel_planing" time="1.966" classname="Idlidabba.ERP.VesselPlanner"/>
  <testcase name="vessel_planing2" time="1.930" classname="Idlidabba.ERP.VesselPlanner"/>
  <testcase name="vessel_planing3" time="2.334" classname="Idlidabba.ERP.VesselPlanner"/>
  <testcase name="vessel_planing4" time="2.298" classname="Idlidabba.ERP.VesselPlanner"/>
  <testcase name="Plannedcountcheck" time="3.053" classname="Idlidabba.ERP.VesselPlanner"/>
</testsuite> <!-- Idlidabba.ERP.VesselPlanner -->
