<?xml version="1.0" encoding="UTF-8"?>
<!-- Generated by org.testng.reporters.JUnitReportReporter -->
<testsuite skipped="0" hostname="admin-PC" name="Idlidabba.ERP.Cooksheet" tests="3" failures="0" timestamp="25 Apr 2019 05:51:55 GMT" time="20.614" errors="0">
  <testcase name="Valid_Login" time="9.702" classname="Idlidabba.ERP.Cooksheet"/>
  <testcase name="Cook_Sheet" time="8.901" classname="Idlidabba.ERP.Cooksheet"/>
  <testcase name="clientcooksheet" time="2.011" classname="Idlidabba.ERP.Cooksheet"/>
</testsuite> <!-- Idlidabba.ERP.Cooksheet -->
